<?xml version="1.0" encoding="UTF-8"?>
<testsuite xmlns:xsi="http://www.w3.org/2001/XMLSchema-instance" xsi:noNamespaceSchemaLocation="https://maven.apache.org/surefire/maven-surefire-plugin/xsd/surefire-test-report-3.0.xsd" version="3.0" name="xyz.wtje.mongoconfigs.core.integration.AsyncCacheWorkflowTest" time="0.014" tests="2" errors="0" skipped="0" failures="0">
  <properties>
    <property name="java.specification.version" value="22"/>
    <property name="sun.cpu.isalist" value="amd64"/>
    <property name="sun.jnu.encoding" value="Cp1250"/>
    <property name="java.class.path" value="C:\Users\aiikk\.m2\repository\org\apache\maven\surefire\surefire-booter\3.2.2\surefire-booter-3.2.2.jar;C:\Users\aiikk\.m2\repository\org\apache\maven\surefire\surefire-api\3.2.2\surefire-api-3.2.2.jar;C:\Users\aiikk\.m2\repository\org\apache\maven\surefire\surefire-logger-api\3.2.2\surefire-logger-api-3.2.2.jar;C:\Users\aiikk\.m2\repository\org\apache\maven\surefire\surefire-shared-utils\3.2.2\surefire-shared-utils-3.2.2.jar;C:\Users\aiikk\.m2\repository\org\apache\maven\surefire\surefire-extensions-spi\3.2.2\surefire-extensions-spi-3.2.2.jar;C:\Users\aiikk\IdeaProjects\mongo-configs\configs-core\target\test-classes;C:\Users\aiikk\IdeaProjects\mongo-configs\configs-core\target\classes;C:\Users\aiikk\IdeaProjects\mongo-configs\configs-api\target\configs-api-1.0.0.jar;C:\Users\aiikk\.m2\repository\org\mongodb\mongodb-driver-reactivestreams\5.5.0\mongodb-driver-reactivestreams-5.5.0.jar;C:\Users\aiikk\.m2\repository\org\mongodb\bson\5.5.0\bson-5.5.0.jar;C:\Users\aiikk\.m2\repository\org\mongodb\mongodb-driver-core\5.5.0\mongodb-driver-core-5.5.0.jar;C:\Users\aiikk\.m2\repository\org\mongodb\bson-record-codec\5.5.0\bson-record-codec-5.5.0.jar;C:\Users\aiikk\.m2\repository\org\reactivestreams\reactive-streams\1.0.4\reactive-streams-1.0.4.jar;C:\Users\aiikk\.m2\repository\io\projectreactor\reactor-core\3.5.0\reactor-core-3.5.0.jar;C:\Users\aiikk\.m2\repository\com\github\ben-manes\caffeine\caffeine\3.1.8\caffeine-3.1.8.jar;C:\Users\aiikk\.m2\repository\org\checkerframework\checker-qual\3.37.0\checker-qual-3.37.0.jar;C:\Users\aiikk\.m2\repository\com\google\errorprone\error_prone_annotations\2.21.1\error_prone_annotations-2.21.1.jar;C:\Users\aiikk\.m2\repository\org\jctools\jctools-core\4.0.5\jctools-core-4.0.5.jar;C:\Users\aiikk\.m2\repository\it\unimi\dsi\fastutil\8.5.13\fastutil-8.5.13.jar;C:\Users\aiikk\.m2\repository\com\dslplatform\dsl-json\2.0.2\dsl-json-2.0.2.jar;C:\Users\aiikk\.m2\repository\com\fasterxml\jackson\core\jackson-databind\2.15.2\jackson-databind-2.15.2.jar;C:\Users\aiikk\.m2\repository\com\fasterxml\jackson\core\jackson-annotations\2.15.2\jackson-annotations-2.15.2.jar;C:\Users\aiikk\.m2\repository\com\fasterxml\jackson\core\jackson-core\2.15.2\jackson-core-2.15.2.jar;C:\Users\aiikk\.m2\repository\com\fasterxml\jackson\datatype\jackson-datatype-jsr310\2.15.2\jackson-datatype-jsr310-2.15.2.jar;C:\Users\aiikk\.m2\repository\org\projectlombok\lombok\1.18.30\lombok-1.18.30.jar;C:\Users\aiikk\.m2\repository\io\micrometer\micrometer-core\1.12.5\micrometer-core-1.12.5.jar;C:\Users\aiikk\.m2\repository\io\micrometer\micrometer-commons\1.12.5\micrometer-commons-1.12.5.jar;C:\Users\aiikk\.m2\repository\io\micrometer\micrometer-observation\1.12.5\micrometer-observation-1.12.5.jar;C:\Users\aiikk\.m2\repository\org\hdrhistogram\HdrHistogram\2.1.12\HdrHistogram-2.1.12.jar;C:\Users\aiikk\.m2\repository\org\latencyutils\LatencyUtils\2.0.3\LatencyUtils-2.0.3.jar;C:\Users\aiikk\.m2\repository\net\kyori\adventure-api\4.17.0\adventure-api-4.17.0.jar;C:\Users\aiikk\.m2\repository\net\kyori\adventure-key\4.17.0\adventure-key-4.17.0.jar;C:\Users\aiikk\.m2\repository\net\kyori\examination-api\1.3.0\examination-api-1.3.0.jar;C:\Users\aiikk\.m2\repository\net\kyori\examination-string\1.3.0\examination-string-1.3.0.jar;C:\Users\aiikk\.m2\repository\org\jetbrains\annotations\24.1.0\annotations-24.1.0.jar;C:\Users\aiikk\.m2\repository\org\junit\jupiter\junit-jupiter\5.10.1\junit-jupiter-5.10.1.jar;C:\Users\aiikk\.m2\repository\org\junit\jupiter\junit-jupiter-api\5.10.1\junit-jupiter-api-5.10.1.jar;C:\Users\aiikk\.m2\repository\org\opentest4j\opentest4j\1.3.0\opentest4j-1.3.0.jar;C:\Users\aiikk\.m2\repository\org\junit\platform\junit-platform-commons\1.10.1\junit-platform-commons-1.10.1.jar;C:\Users\aiikk\.m2\repository\org\apiguardian\apiguardian-api\1.1.2\apiguardian-api-1.1.2.jar;C:\Users\aiikk\.m2\repository\org\junit\jupiter\junit-jupiter-params\5.10.1\junit-jupiter-params-5.10.1.jar;C:\Users\aiikk\.m2\repository\org\junit\jupiter\junit-jupiter-engine\5.10.1\junit-jupiter-engine-5.10.1.jar;C:\Users\aiikk\.m2\repository\org\junit\platform\junit-platform-engine\1.10.1\junit-platform-engine-1.10.1.jar;C:\Users\aiikk\.m2\repository\org\mockito\mockito-core\5.8.0\mockito-core-5.8.0.jar;C:\Users\aiikk\.m2\repository\net\bytebuddy\byte-buddy\1.14.10\byte-buddy-1.14.10.jar;C:\Users\aiikk\.m2\repository\net\bytebuddy\byte-buddy-agent\1.14.10\byte-buddy-agent-1.14.10.jar;C:\Users\aiikk\.m2\repository\org\objenesis\objenesis\3.3\objenesis-3.3.jar;C:\Users\aiikk\.m2\repository\org\mockito\mockito-junit-jupiter\5.8.0\mockito-junit-jupiter-5.8.0.jar;C:\Users\aiikk\.m2\repository\org\awaitility\awaitility\4.2.0\awaitility-4.2.0.jar;C:\Users\aiikk\.m2\repository\org\hamcrest\hamcrest\2.1\hamcrest-2.1.jar;C:\Users\aiikk\.m2\repository\org\testcontainers\junit-jupiter\1.19.3\junit-jupiter-1.19.3.jar;C:\Users\aiikk\.m2\repository\org\testcontainers\testcontainers\1.19.3\testcontainers-1.19.3.jar;C:\Users\aiikk\.m2\repository\junit\junit\4.13.2\junit-4.13.2.jar;C:\Users\aiikk\.m2\repository\org\hamcrest\hamcrest-core\1.3\hamcrest-core-1.3.jar;C:\Users\aiikk\.m2\repository\org\slf4j\slf4j-api\1.7.36\slf4j-api-1.7.36.jar;C:\Users\aiikk\.m2\repository\org\apache\commons\commons-compress\1.24.0\commons-compress-1.24.0.jar;C:\Users\aiikk\.m2\repository\org\rnorth\duct-tape\duct-tape\1.0.8\duct-tape-1.0.8.jar;C:\Users\aiikk\.m2\repository\com\github\docker-java\docker-java-api\3.3.4\docker-java-api-3.3.4.jar;C:\Users\aiikk\.m2\repository\com\github\docker-java\docker-java-transport-zerodep\3.3.4\docker-java-transport-zerodep-3.3.4.jar;C:\Users\aiikk\.m2\repository\com\github\docker-java\docker-java-transport\3.3.4\docker-java-transport-3.3.4.jar;C:\Users\aiikk\.m2\repository\net\java\dev\jna\jna\5.13.0\jna-5.13.0.jar;C:\Users\aiikk\.m2\repository\org\testcontainers\mongodb\1.19.3\mongodb-1.19.3.jar;C:\Users\aiikk\.m2\repository\org\apache\maven\surefire\surefire-junit-platform\3.2.2\surefire-junit-platform-3.2.2.jar;C:\Users\aiikk\.m2\repository\org\apache\maven\surefire\common-java5\3.2.2\common-java5-3.2.2.jar;C:\Users\aiikk\.m2\repository\org\junit\platform\junit-platform-launcher\1.10.1\junit-platform-launcher-1.10.1.jar"/>
    <property name="java.vm.vendor" value="Amazon.com Inc."/>
    <property name="sun.arch.data.model" value="64"/>
    <property name="user.variant" value=""/>
    <property name="java.vendor.url" value="https://aws.amazon.com/corretto/"/>
    <property name="user.timezone" value="Europe/Warsaw"/>
    <property name="os.name" value="Windows 11"/>
    <property name="java.vm.specification.version" value="22"/>
    <property name="sun.java.launcher" value="SUN_STANDARD"/>
    <property name="user.country" value="US"/>
    <property name="sun.boot.library.path" value="C:\Users\aiikk\.jdks\corretto-22.0.2\bin"/>
    <property name="sun.java.command" value="org.apache.maven.surefire.booter.ForkedBooter C:\Users\aiikk\AppData\Local\Temp\surefire2068681619388209620 2025-09-11T21-52-04_022-jvmRun1 surefire-20250911215207569_4tmp surefire_1-20250911215207569_5tmp"/>
    <property name="jdk.debug" value="release"/>
    <property name="surefire.test.class.path" value="C:\Users\aiikk\IdeaProjects\mongo-configs\configs-core\target\test-classes;C:\Users\aiikk\IdeaProjects\mongo-configs\configs-core\target\classes;C:\Users\aiikk\IdeaProjects\mongo-configs\configs-api\target\configs-api-1.0.0.jar;C:\Users\aiikk\.m2\repository\org\mongodb\mongodb-driver-reactivestreams\5.5.0\mongodb-driver-reactivestreams-5.5.0.jar;C:\Users\aiikk\.m2\repository\org\mongodb\bson\5.5.0\bson-5.5.0.jar;C:\Users\aiikk\.m2\repository\org\mongodb\mongodb-driver-core\5.5.0\mongodb-driver-core-5.5.0.jar;C:\Users\aiikk\.m2\repository\org\mongodb\bson-record-codec\5.5.0\bson-record-codec-5.5.0.jar;C:\Users\aiikk\.m2\repository\org\reactivestreams\reactive-streams\1.0.4\reactive-streams-1.0.4.jar;C:\Users\aiikk\.m2\repository\io\projectreactor\reactor-core\3.5.0\reactor-core-3.5.0.jar;C:\Users\aiikk\.m2\repository\com\github\ben-manes\caffeine\caffeine\3.1.8\caffeine-3.1.8.jar;C:\Users\aiikk\.m2\repository\org\checkerframework\checker-qual\3.37.0\checker-qual-3.37.0.jar;C:\Users\aiikk\.m2\repository\com\google\errorprone\error_prone_annotations\2.21.1\error_prone_annotations-2.21.1.jar;C:\Users\aiikk\.m2\repository\org\jctools\jctools-core\4.0.5\jctools-core-4.0.5.jar;C:\Users\aiikk\.m2\repository\it\unimi\dsi\fastutil\8.5.13\fastutil-8.5.13.jar;C:\Users\aiikk\.m2\repository\com\dslplatform\dsl-json\2.0.2\dsl-json-2.0.2.jar;C:\Users\aiikk\.m2\repository\com\fasterxml\jackson\core\jackson-databind\2.15.2\jackson-databind-2.15.2.jar;C:\Users\aiikk\.m2\repository\com\fasterxml\jackson\core\jackson-annotations\2.15.2\jackson-annotations-2.15.2.jar;C:\Users\aiikk\.m2\repository\com\fasterxml\jackson\core\jackson-core\2.15.2\jackson-core-2.15.2.jar;C:\Users\aiikk\.m2\repository\com\fasterxml\jackson\datatype\jackson-datatype-jsr310\2.15.2\jackson-datatype-jsr310-2.15.2.jar;C:\Users\aiikk\.m2\repository\org\projectlombok\lombok\1.18.30\lombok-1.18.30.jar;C:\Users\aiikk\.m2\repository\io\micrometer\micrometer-core\1.12.5\micrometer-core-1.12.5.jar;C:\Users\aiikk\.m2\repository\io\micrometer\micrometer-commons\1.12.5\micrometer-commons-1.12.5.jar;C:\Users\aiikk\.m2\repository\io\micrometer\micrometer-observation\1.12.5\micrometer-observation-1.12.5.jar;C:\Users\aiikk\.m2\repository\org\hdrhistogram\HdrHistogram\2.1.12\HdrHistogram-2.1.12.jar;C:\Users\aiikk\.m2\repository\org\latencyutils\LatencyUtils\2.0.3\LatencyUtils-2.0.3.jar;C:\Users\aiikk\.m2\repository\net\kyori\adventure-api\4.17.0\adventure-api-4.17.0.jar;C:\Users\aiikk\.m2\repository\net\kyori\adventure-key\4.17.0\adventure-key-4.17.0.jar;C:\Users\aiikk\.m2\repository\net\kyori\examination-api\1.3.0\examination-api-1.3.0.jar;C:\Users\aiikk\.m2\repository\net\kyori\examination-string\1.3.0\examination-string-1.3.0.jar;C:\Users\aiikk\.m2\repository\org\jetbrains\annotations\24.1.0\annotations-24.1.0.jar;C:\Users\aiikk\.m2\repository\org\junit\jupiter\junit-jupiter\5.10.1\junit-jupiter-5.10.1.jar;C:\Users\aiikk\.m2\repository\org\junit\jupiter\junit-jupiter-api\5.10.1\junit-jupiter-api-5.10.1.jar;C:\Users\aiikk\.m2\repository\org\opentest4j\opentest4j\1.3.0\opentest4j-1.3.0.jar;C:\Users\aiikk\.m2\repository\org\junit\platform\junit-platform-commons\1.10.1\junit-platform-commons-1.10.1.jar;C:\Users\aiikk\.m2\repository\org\apiguardian\apiguardian-api\1.1.2\apiguardian-api-1.1.2.jar;C:\Users\aiikk\.m2\repository\org\junit\jupiter\junit-jupiter-params\5.10.1\junit-jupiter-params-5.10.1.jar;C:\Users\aiikk\.m2\repository\org\junit\jupiter\junit-jupiter-engine\5.10.1\junit-jupiter-engine-5.10.1.jar;C:\Users\aiikk\.m2\repository\org\junit\platform\junit-platform-engine\1.10.1\junit-platform-engine-1.10.1.jar;C:\Users\aiikk\.m2\repository\org\mockito\mockito-core\5.8.0\mockito-core-5.8.0.jar;C:\Users\aiikk\.m2\repository\net\bytebuddy\byte-buddy\1.14.10\byte-buddy-1.14.10.jar;C:\Users\aiikk\.m2\repository\net\bytebuddy\byte-buddy-agent\1.14.10\byte-buddy-agent-1.14.10.jar;C:\Users\aiikk\.m2\repository\org\objenesis\objenesis\3.3\objenesis-3.3.jar;C:\Users\aiikk\.m2\repository\org\mockito\mockito-junit-jupiter\5.8.0\mockito-junit-jupiter-5.8.0.jar;C:\Users\aiikk\.m2\repository\org\awaitility\awaitility\4.2.0\awaitility-4.2.0.jar;C:\Users\aiikk\.m2\repository\org\hamcrest\hamcrest\2.1\hamcrest-2.1.jar;C:\Users\aiikk\.m2\repository\org\testcontainers\junit-jupiter\1.19.3\junit-jupiter-1.19.3.jar;C:\Users\aiikk\.m2\repository\org\testcontainers\testcontainers\1.19.3\testcontainers-1.19.3.jar;C:\Users\aiikk\.m2\repository\junit\junit\4.13.2\junit-4.13.2.jar;C:\Users\aiikk\.m2\repository\org\hamcrest\hamcrest-core\1.3\hamcrest-core-1.3.jar;C:\Users\aiikk\.m2\repository\org\slf4j\slf4j-api\1.7.36\slf4j-api-1.7.36.jar;C:\Users\aiikk\.m2\repository\org\apache\commons\commons-compress\1.24.0\commons-compress-1.24.0.jar;C:\Users\aiikk\.m2\repository\org\rnorth\duct-tape\duct-tape\1.0.8\duct-tape-1.0.8.jar;C:\Users\aiikk\.m2\repository\com\github\docker-java\docker-java-api\3.3.4\docker-java-api-3.3.4.jar;C:\Users\aiikk\.m2\repository\com\github\docker-java\docker-java-transport-zerodep\3.3.4\docker-java-transport-zerodep-3.3.4.jar;C:\Users\aiikk\.m2\repository\com\github\docker-java\docker-java-transport\3.3.4\docker-java-transport-3.3.4.jar;C:\Users\aiikk\.m2\repository\net\java\dev\jna\jna\5.13.0\jna-5.13.0.jar;C:\Users\aiikk\.m2\repository\org\testcontainers\mongodb\1.19.3\mongodb-1.19.3.jar;"/>
    <property name="sun.cpu.endian" value="little"/>
    <property name="io.netty.eventLoopThreads" value="6"/>
    <property name="user.home" value="C:\Users\aiikk"/>
    <property name="user.language" value="en"/>
    <property name="java.specification.vendor" value="Oracle Corporation"/>
    <property name="java.version.date" value="2024-07-16"/>
    <property name="java.home" value="C:\Users\aiikk\.jdks\corretto-22.0.2"/>
    <property name="file.separator" value="\"/>
    <property name="basedir" value="C:\Users\aiikk\IdeaProjects\mongo-configs\configs-core"/>
    <property name="java.vm.compressedOopsMode" value="Zero based"/>
    <property name="line.separator" value="&#10;"/>
    <property name="java.vm.specification.vendor" value="Oracle Corporation"/>
    <property name="java.specification.name" value="Java Platform API Specification"/>
    <property name="user.script" value=""/>
    <property name="sun.management.compiler" value="HotSpot 64-Bit Tiered Compilers"/>
    <property name="java.runtime.version" value="22.0.2+9-FR"/>
    <property name="user.name" value="aiikk"/>
    <property name="stdout.encoding" value="Cp1250"/>
    <property name="path.separator" value=";"/>
    <property name="os.version" value="10.0"/>
    <property name="java.runtime.name" value="OpenJDK Runtime Environment"/>
    <property name="file.encoding" value="UTF-8"/>
    <property name="java.vm.name" value="OpenJDK 64-Bit Server VM"/>
    <property name="java.vendor.version" value="Corretto-22.0.2.9.1"/>
    <property name="localRepository" value="C:\Users\aiikk\.m2\repository"/>
    <property name="java.vendor.url.bug" value="https://github.com/corretto/corretto-22/issues/"/>
    <property name="java.io.tmpdir" value="C:\Users\aiikk\AppData\Local\Temp\"/>
    <property name="idea.version" value="2025.1.3"/>
    <property name="java.version" value="22.0.2"/>
    <property name="user.dir" value="C:\Users\aiikk\IdeaProjects\mongo-configs\configs-core"/>
    <property name="os.arch" value="amd64"/>
    <property name="java.vm.specification.name" value="Java Virtual Machine Specification"/>
    <property name="sun.os.patch.level" value=""/>
    <property name="native.encoding" value="Cp1250"/>
    <property name="java.library.path" value="C:\Users\aiikk\.jdks\corretto-22.0.2\bin;C:\WINDOWS\Sun\Java\bin;C:\WINDOWS\system32;C:\WINDOWS;C:\Program Files\Common Files\Oracle\Java\javapath;C:\Program Files (x86)\Common Files\Oracle\Java\java8path;C:\Program Files (x86)\Common Files\Oracle\Java\javapath;C:\WINDOWS\system32;C:\WINDOWS;C:\WINDOWS\System32\Wbem;C:\WINDOWS\System32\WindowsPowerShell\v1.0\;C:\WINDOWS\System32\OpenSSH\;C:\WINDOWS\AtlasModules;C:\WINDOWS\AtlasModules\Tools;C:\WINDOWS\AtlasModules\Scripts;C:\Program Files (x86)\NVIDIA Corporation\PhysX\Common;C:\Program Files\dotnet\;C:\Program Files\Tailscale\;C:\Program Files\nodejs\;C:\Program Files\Git\cmd;C:\Users\aiikk\AppData\Local\Programs\Python\Launcher\;C:\Users\aiikk\AppData\Local\Microsoft\WindowsApps;E:\Microsoft VS Code Insiders\bin;C:\Users\aiikk\AppData\Roaming\npm;C:\Users\aiikk\AppData\Local\Programs\cursor\resources\app\bin;C:\Users\aiikk\AppData\Local\GitHubDesktop\bin;C:\Users\aiikk\AppData\Local\Programs\Microsoft VS Code\bin;."/>
    <property name="java.vm.info" value="mixed mode, sharing"/>
    <property name="stderr.encoding" value="Cp1250"/>
    <property name="java.vendor" value="Amazon.com Inc."/>
    <property name="java.vm.version" value="22.0.2+9-FR"/>
    <property name="sun.io.unicode.encoding" value="UnicodeLittle"/>
    <property name="java.class.version" value="66.0"/>
  </properties>
  <testcase name="batchReloadNoCollectionsSafe" classname="xyz.wtje.mongoconfigs.core.integration.AsyncCacheWorkflowTest" time="0.007">
    <system-err><![CDATA[Sep 11, 2025 9:52:13 PM xyz.wtje.mongoconfigs.core.mongo.MongoManager <init>
INFO: MongoManager: Creating client with connection string: mongodb://localhost:27017
Sep 11, 2025 9:52:13 PM xyz.wtje.mongoconfigs.core.mongo.MongoManager <init>
INFO: MongoDB connection initialized for database: test_empty_batch
Sep 11, 2025 9:52:13 PM xyz.wtje.mongoconfigs.core.mongo.MongoManager <init>
INFO: Configured with 6 I/O threads and 12 worker threads
Sep 11, 2025 9:52:13 PM xyz.wtje.mongoconfigs.core.impl.ConfigManagerImpl <init>
INFO: ConfigManager initialized with MongoDB database: test_empty_batch, Cache TTL: no expiration, Max size: 10000
Sep 11, 2025 9:52:13 PM xyz.wtje.mongoconfigs.core.impl.ConfigManagerImpl logConfigurationStatus
INFO: === MongoDB Configs Configuration Status ===
Sep 11, 2025 9:52:13 PM xyz.wtje.mongoconfigs.core.impl.ConfigManagerImpl logConfigurationStatus
INFO: Database: test_empty_batch
Sep 11, 2025 9:52:13 PM xyz.wtje.mongoconfigs.core.impl.ConfigManagerImpl logConfigurationStatus
INFO: Connection Pool: max=20, min=5
Sep 11, 2025 9:52:13 PM xyz.wtje.mongoconfigs.core.impl.ConfigManagerImpl logConfigurationStatus
INFO: Connection Timeouts: connect=5000ms, socket=10000ms, selection=5000ms
Sep 11, 2025 9:52:13 PM xyz.wtje.mongoconfigs.core.impl.ConfigManagerImpl logConfigurationStatus
INFO: Cache: Simple in-memory maps, size=0
Sep 11, 2025 9:52:13 PM xyz.wtje.mongoconfigs.core.impl.ConfigManagerImpl logConfigurationStatus
INFO: Performance: io-threads=6, worker-threads=12
Sep 11, 2025 9:52:13 PM xyz.wtje.mongoconfigs.core.impl.ConfigManagerImpl logConfigurationStatus
INFO: Cache requests - Config: 0, Messages: 0
Sep 11, 2025 9:52:13 PM xyz.wtje.mongoconfigs.core.impl.ConfigManagerImpl logConfigurationStatus
INFO: Known collections: 0
Sep 11, 2025 9:52:13 PM xyz.wtje.mongoconfigs.core.impl.ConfigManagerImpl logConfigurationStatus
INFO: === Configuration simplified - removed unused Caffeine cache ===
Sep 11, 2025 9:52:13 PM xyz.wtje.mongoconfigs.core.impl.ConfigManagerImpl initialize
INFO: ConfigManager fully initialized and ready
Sep 11, 2025 9:52:13 PM xyz.wtje.mongoconfigs.core.mongo.MongoManager close
INFO: MongoDB connection closed
Sep 11, 2025 9:52:13 PM xyz.wtje.mongoconfigs.core.impl.ConfigManagerImpl lambda$preWarmCache$26
WARNING: Error pre-warming cache
java.util.concurrent.CompletionException: com.mongodb.MongoClientException: Shutdown in progress
	at xyz.wtje.mongoconfigs.core.mongo.PublisherAdapter$2.onError(PublisherAdapter.java:104)
	at reactor.core.publisher.StrictSubscriber.onError(StrictSubscriber.java:106)
	at reactor.core.publisher.FluxMap$MapSubscriber.onError(FluxMap.java:134)
	at reactor.core.publisher.FluxCreate$BaseSink.error(FluxCreate.java:474)
	at reactor.core.publisher.FluxCreate$BufferAsyncSink.drain(FluxCreate.java:802)
	at reactor.core.publisher.FluxCreate$BufferAsyncSink.error(FluxCreate.java:747)
	at reactor.core.publisher.FluxCreate$SerializedFluxSink.drainLoop(FluxCreate.java:237)
	at reactor.core.publisher.FluxCreate$SerializedFluxSink.drain(FluxCreate.java:213)
	at reactor.core.publisher.FluxCreate$SerializedFluxSink.error(FluxCreate.java:189)
	at reactor.core.publisher.LambdaMonoSubscriber.doError(LambdaMonoSubscriber.java:155)
	at reactor.core.publisher.LambdaMonoSubscriber.onError(LambdaMonoSubscriber.java:150)
	at reactor.core.publisher.FluxContextWrite$ContextWriteSubscriber.onError(FluxContextWrite.java:121)
	at reactor.core.publisher.FluxMap$MapConditionalSubscriber.onError(FluxMap.java:265)
	at reactor.core.publisher.MonoNext$NextSubscriber.onError(MonoNext.java:93)
	at reactor.core.publisher.MonoNext$NextSubscriber.onError(MonoNext.java:93)
	at reactor.core.publisher.MonoFlatMap$FlatMapMain.secondError(MonoFlatMap.java:241)
	at reactor.core.publisher.MonoFlatMap$FlatMapInner.onError(MonoFlatMap.java:315)
	at reactor.core.publisher.MonoPeekTerminal$MonoTerminalPeekSubscriber.onError(MonoPeekTerminal.java:258)
	at reactor.core.publisher.MonoCreate$DefaultMonoSink.error(MonoCreate.java:201)
	at com.mongodb.reactivestreams.client.internal.MongoOperationPublisher.lambda$sinkToCallback$38(MongoOperationPublisher.java:601)
	at com.mongodb.reactivestreams.client.internal.OperationExecutorImpl.lambda$execute$1(OperationExecutorImpl.java:97)
	at com.mongodb.internal.async.ErrorHandlingResultCallback.onResult(ErrorHandlingResultCallback.java:47)
	at com.mongodb.internal.async.function.AsyncCallbackSupplier.lambda$whenComplete$1(AsyncCallbackSupplier.java:93)
	at com.mongodb.internal.async.function.RetryingAsyncCallbackSupplier$RetryingCallback.onResult(RetryingAsyncCallbackSupplier.java:121)
	at com.mongodb.internal.async.ErrorHandlingResultCallback.onResult(ErrorHandlingResultCallback.java:47)
	at com.mongodb.internal.operation.AsyncOperationHelper.lambda$withAsyncSuppliedResource$3(AsyncOperationHelper.java:134)
	at com.mongodb.reactivestreams.client.internal.ClientSessionBinding$WrappingCallback.onResult(ClientSessionBinding.java:260)
	at com.mongodb.reactivestreams.client.internal.ClientSessionBinding$WrappingCallback.onResult(ClientSessionBinding.java:250)
	at com.mongodb.internal.binding.AsyncClusterBinding.lambda$getAsyncClusterBindingConnectionSource$1(AsyncClusterBinding.java:122)
	at com.mongodb.internal.connection.BaseCluster$ServerSelectionRequest.onResult(BaseCluster.java:453)
	at com.mongodb.internal.connection.BaseCluster$WaitQueueHandler.run(BaseCluster.java:531)
	at java.base/java.lang.Thread.run(Thread.java:1570)
Caused by: com.mongodb.MongoClientException: Shutdown in progress
	... 2 more

Sep 11, 2025 9:52:13 PM xyz.wtje.mongoconfigs.core.mongo.MongoManager close
INFO: MongoDB executor service closed
Sep 11, 2025 9:52:13 PM xyz.wtje.mongoconfigs.core.impl.ConfigManagerImpl shutdown
INFO: ConfigManager shutdown complete
]]></system-err>
  </testcase>
  <testcase name="asyncWorkflowThroughCache" classname="xyz.wtje.mongoconfigs.core.integration.AsyncCacheWorkflowTest" time="0.006">
    <system-err><![CDATA[Sep 11, 2025 9:52:13 PM xyz.wtje.mongoconfigs.core.mongo.MongoManager <init>
INFO: MongoManager: Creating client with connection string: mongodb://localhost:27017
Sep 11, 2025 9:52:13 PM xyz.wtje.mongoconfigs.core.mongo.MongoManager <init>
INFO: MongoDB connection initialized for database: test_async_cache
Sep 11, 2025 9:52:13 PM xyz.wtje.mongoconfigs.core.mongo.MongoManager <init>
INFO: Configured with 6 I/O threads and 12 worker threads
Sep 11, 2025 9:52:13 PM xyz.wtje.mongoconfigs.core.impl.ConfigManagerImpl <init>
INFO: ConfigManager initialized with MongoDB database: test_async_cache, Cache TTL: no expiration, Max size: 10000
Sep 11, 2025 9:52:13 PM xyz.wtje.mongoconfigs.core.impl.ConfigManagerImpl logConfigurationStatus
INFO: === MongoDB Configs Configuration Status ===
Sep 11, 2025 9:52:13 PM xyz.wtje.mongoconfigs.core.impl.ConfigManagerImpl logConfigurationStatus
INFO: Database: test_async_cache
Sep 11, 2025 9:52:13 PM xyz.wtje.mongoconfigs.core.impl.ConfigManagerImpl lambda$preWarmCache$26
INFO: Pre-warming cache - discovering existing collections...
Sep 11, 2025 9:52:13 PM xyz.wtje.mongoconfigs.core.impl.ConfigManagerImpl logConfigurationStatus
INFO: Connection Pool: max=20, min=5
Sep 11, 2025 9:52:13 PM xyz.wtje.mongoconfigs.core.impl.ConfigManagerImpl logConfigurationStatus
INFO: Connection Timeouts: connect=5000ms, socket=10000ms, selection=5000ms
Sep 11, 2025 9:52:13 PM xyz.wtje.mongoconfigs.core.impl.ConfigManagerImpl logConfigurationStatus
INFO: Cache: Simple in-memory maps, size=0
Sep 11, 2025 9:52:13 PM xyz.wtje.mongoconfigs.core.impl.ConfigManagerImpl logConfigurationStatus
INFO: Performance: io-threads=6, worker-threads=12
Sep 11, 2025 9:52:13 PM xyz.wtje.mongoconfigs.core.impl.ConfigManagerImpl logConfigurationStatus
INFO: Cache requests - Config: 0, Messages: 0
Sep 11, 2025 9:52:13 PM xyz.wtje.mongoconfigs.core.impl.ConfigManagerImpl logConfigurationStatus
INFO: Known collections: 0
Sep 11, 2025 9:52:13 PM xyz.wtje.mongoconfigs.core.impl.ConfigManagerImpl logConfigurationStatus
INFO: === Configuration simplified - removed unused Caffeine cache ===
Sep 11, 2025 9:52:13 PM xyz.wtje.mongoconfigs.core.impl.ConfigManagerImpl initialize
INFO: ConfigManager fully initialized and ready
Sep 11, 2025 9:52:13 PM xyz.wtje.mongoconfigs.core.impl.ConfigManagerImpl lambda$invalidateAllAsync$30
INFO: All cache invalidated asynchronously
Sep 11, 2025 9:52:13 PM xyz.wtje.mongoconfigs.core.mongo.MongoManager close
INFO: MongoDB connection closed
Sep 11, 2025 9:52:13 PM xyz.wtje.mongoconfigs.core.impl.ConfigManagerImpl lambda$preWarmCache$26
WARNING: Error pre-warming cache
java.util.concurrent.CompletionException: com.mongodb.MongoClientException: Shutdown in progress
	at xyz.wtje.mongoconfigs.core.mongo.PublisherAdapter$2.onError(PublisherAdapter.java:104)
	at reactor.core.publisher.StrictSubscriber.onError(StrictSubscriber.java:106)
	at reactor.core.publisher.FluxMap$MapSubscriber.onError(FluxMap.java:134)
	at reactor.core.publisher.FluxCreate$BaseSink.error(FluxCreate.java:474)
	at reactor.core.publisher.FluxCreate$BufferAsyncSink.drain(FluxCreate.java:802)
	at reactor.core.publisher.FluxCreate$BufferAsyncSink.error(FluxCreate.java:747)
	at reactor.core.publisher.FluxCreate$SerializedFluxSink.drainLoop(FluxCreate.java:237)
	at reactor.core.publisher.FluxCreate$SerializedFluxSink.drain(FluxCreate.java:213)
	at reactor.core.publisher.FluxCreate$SerializedFluxSink.error(FluxCreate.java:189)
	at reactor.core.publisher.LambdaMonoSubscriber.doError(LambdaMonoSubscriber.java:155)
	at reactor.core.publisher.LambdaMonoSubscriber.onError(LambdaMonoSubscriber.java:150)
	at reactor.core.publisher.FluxContextWrite$ContextWriteSubscriber.onError(FluxContextWrite.java:121)
	at reactor.core.publisher.FluxMap$MapConditionalSubscriber.onError(FluxMap.java:265)
	at reactor.core.publisher.MonoNext$NextSubscriber.onError(MonoNext.java:93)
	at reactor.core.publisher.MonoNext$NextSubscriber.onError(MonoNext.java:93)
	at reactor.core.publisher.MonoFlatMap$FlatMapMain.secondError(MonoFlatMap.java:241)
	at reactor.core.publisher.MonoFlatMap$FlatMapInner.onError(MonoFlatMap.java:315)
	at reactor.core.publisher.MonoPeekTerminal$MonoTerminalPeekSubscriber.onError(MonoPeekTerminal.java:258)
	at reactor.core.publisher.MonoCreate$DefaultMonoSink.error(MonoCreate.java:201)
	at com.mongodb.reactivestreams.client.internal.MongoOperationPublisher.lambda$sinkToCallback$38(MongoOperationPublisher.java:601)
	at com.mongodb.reactivestreams.client.internal.OperationExecutorImpl.lambda$execute$1(OperationExecutorImpl.java:97)
	at com.mongodb.internal.async.ErrorHandlingResultCallback.onResult(ErrorHandlingResultCallback.java:47)
	at com.mongodb.internal.async.function.AsyncCallbackSupplier.lambda$whenComplete$1(AsyncCallbackSupplier.java:93)
	at com.mongodb.internal.async.function.RetryingAsyncCallbackSupplier$RetryingCallback.onResult(RetryingAsyncCallbackSupplier.java:121)
	at com.mongodb.internal.async.ErrorHandlingResultCallback.onResult(ErrorHandlingResultCallback.java:47)
	at com.mongodb.internal.operation.AsyncOperationHelper.lambda$withAsyncSuppliedResource$3(AsyncOperationHelper.java:134)
	at com.mongodb.reactivestreams.client.internal.ClientSessionBinding$WrappingCallback.onResult(ClientSessionBinding.java:260)
	at com.mongodb.reactivestreams.client.internal.ClientSessionBinding$WrappingCallback.onResult(ClientSessionBinding.java:250)
	at com.mongodb.internal.binding.AsyncClusterBinding.lambda$getAsyncClusterBindingConnectionSource$1(AsyncClusterBinding.java:122)
	at com.mongodb.internal.connection.BaseCluster$ServerSelectionRequest.onResult(BaseCluster.java:453)
	at com.mongodb.internal.connection.BaseCluster$WaitQueueHandler.run(BaseCluster.java:531)
	at java.base/java.lang.Thread.run(Thread.java:1570)
Caused by: com.mongodb.MongoClientException: Shutdown in progress
	... 2 more

Sep 11, 2025 9:52:13 PM xyz.wtje.mongoconfigs.core.mongo.MongoManager close
INFO: MongoDB executor service closed
Sep 11, 2025 9:52:13 PM xyz.wtje.mongoconfigs.core.impl.ConfigManagerImpl shutdown
INFO: ConfigManager shutdown complete
]]></system-err>
  </testcase>
</testsuite>